Traceback (most recent call last):
  File "/Users/paymannickchi/miniforge3/lib/python3.12/site-packages/jupyter_cache/executors/utils.py", line 58, in single_nb_execution
    executenb(
  File "/Users/paymannickchi/miniforge3/lib/python3.12/site-packages/nbclient/client.py", line 1314, in execute
    return NotebookClient(nb=nb, resources=resources, km=km, **kwargs).execute()
           ^^^^^^^^^^^^^^^^^^^^^^^^^^^^^^^^^^^^^^^^^^^^^^^^^^^^^^^^^^^^^^^^^^^^^
  File "/Users/paymannickchi/miniforge3/lib/python3.12/site-packages/jupyter_core/utils/__init__.py", line 165, in wrapped
    return loop.run_until_complete(inner)
           ^^^^^^^^^^^^^^^^^^^^^^^^^^^^^^
  File "/Users/paymannickchi/miniforge3/lib/python3.12/asyncio/base_events.py", line 687, in run_until_complete
    return future.result()
           ^^^^^^^^^^^^^^^
  File "/Users/paymannickchi/miniforge3/lib/python3.12/site-packages/nbclient/client.py", line 709, in async_execute
    await self.async_execute_cell(
  File "/Users/paymannickchi/miniforge3/lib/python3.12/site-packages/nbclient/client.py", line 1062, in async_execute_cell
    await self._check_raise_for_error(cell, cell_index, exec_reply)
  File "/Users/paymannickchi/miniforge3/lib/python3.12/site-packages/nbclient/client.py", line 918, in _check_raise_for_error
    raise CellExecutionError.from_cell_and_msg(cell, exec_reply_content)
nbclient.exceptions.CellExecutionError: An error occurred while executing the following cell:
------------------
options(repr.plot.width = 12.5)

library(eulerr)
AB_venn <- euler(c("A" = 0.75, "B" = 0.75, "A&B" = 0.1))

plot(AB_venn,
  quantities = FALSE,
  fills = c("rosybrown1", "lightsteelblue1"),
  labels = list(cex = 1.5),
  main = "\n Sample Space S"
)
------------------


Error in library(eulerr): there is no package called ‘eulerr’
Traceback:

1. stop(packageNotFoundError(package, lib.loc, sys.call()))

