Traceback (most recent call last):
  File "C:\Users\payma\miniforge3\Lib\site-packages\jupyter_cache\executors\utils.py", line 58, in single_nb_execution
    executenb(
  File "C:\Users\payma\miniforge3\Lib\site-packages\nbclient\client.py", line 1319, in execute
    return NotebookClient(nb=nb, resources=resources, km=km, **kwargs).execute()
           ^^^^^^^^^^^^^^^^^^^^^^^^^^^^^^^^^^^^^^^^^^^^^^^^^^^^^^^^^^^^^^^^^^^^^
  File "C:\Users\payma\miniforge3\Lib\site-packages\jupyter_core\utils\__init__.py", line 165, in wrapped
    return loop.run_until_complete(inner)
           ^^^^^^^^^^^^^^^^^^^^^^^^^^^^^^
  File "C:\Users\payma\miniforge3\Lib\asyncio\base_events.py", line 691, in run_until_complete
    return future.result()
           ^^^^^^^^^^^^^^^
  File "C:\Users\payma\miniforge3\Lib\site-packages\nbclient\client.py", line 709, in async_execute
    await self.async_execute_cell(
  File "C:\Users\payma\miniforge3\Lib\site-packages\nbclient\client.py", line 1062, in async_execute_cell
    await self._check_raise_for_error(cell, cell_index, exec_reply)
  File "C:\Users\payma\miniforge3\Lib\site-packages\nbclient\client.py", line 918, in _check_raise_for_error
    raise CellExecutionError.from_cell_and_msg(cell, exec_reply_content)
nbclient.exceptions.CellExecutionError: An error occurred while executing the following cell:
------------------
options(repr.plot.height = 10, repr.plot.width = 14)

library(qqman)

sorted_p_values <- data.frame(p_value = gwasResults$P) %>% 
  arrange(p_value) %>%
  add_column(rank = 1:nrow(gwasResults)) %>%
  ggplot(aes(x = rank, y = p_value)) +
  geom_point(colour = "darkgreen", size = 0.01) +
  theme(
    plot.title = element_text(size = 31, face = "bold"),
    axis.text = element_text(size = 22),
    axis.title = element_text(size = 27),
  ) +
  ggtitle("GWAS p-values") +
  xlab("Rank by Increasing Order") +
  ylab("p-value")

sorted_p_values

------------------


Error in library(qqman): there is no package called 'qqman'
Traceback:

1. stop(packageNotFoundError(package, lib.loc, sys.call()))

